2025-10-15 00:19:27,873 - LMSClient - INFO - 正在登录LMS系统...
2025-10-15 00:19:27,877 - LMSClient - INFO - 登录成功，获取到authToken: d7e8d8fe17...
2025-10-15 00:19:27,877 - LMSClient - INFO - 正在获取储位信息...
2025-10-15 00:19:27,880 - LMSClient - INFO - 数据已保存到: data/bins.json
2025-10-15 00:19:27,880 - LMSClient - INFO - 成功获取并存储 6 个储位信息
2025-10-15 00:19:27,880 - LMSClient - INFO - 正在获取盘点任务...
2025-10-15 00:19:27,883 - LMSClient - INFO - 数据已保存到: data/tasks.json
2025-10-15 00:19:27,883 - LMSClient - INFO - 成功获取并存储 3 个盘点任务
2025-10-15 00:19:27,884 - LMSClient - INFO - 正在获取盘点任务...
2025-10-15 00:19:27,886 - LMSClient - INFO - 数据已保存到: data/tasks.json
2025-10-15 00:19:27,886 - LMSClient - INFO - 成功获取并存储 3 个盘点任务
2025-10-15 00:19:27,886 - LMSClient - INFO - 开始处理盘点任务...
2025-10-15 00:19:27,887 - LMSClient - INFO - 正在反馈盘点任务: DT20230815001, 数量: 142.5
2025-10-15 00:19:27,889 - LMSClient - INFO - 盘点任务反馈成功: DT20230815001
2025-10-15 00:19:27,890 - LMSClient - INFO - 数据已保存到: data/tasks_updated.json
2025-10-15 00:19:28,891 - LMSClient - INFO - 正在反馈盘点任务: DT20230815002, 数量: 190.0
2025-10-15 00:19:28,898 - LMSClient - INFO - 盘点任务反馈成功: DT20230815002
2025-10-15 00:19:28,899 - LMSClient - INFO - 数据已保存到: data/tasks_updated.json
2025-10-15 00:19:29,901 - LMSClient - INFO - 正在反馈盘点任务: DT20230815003, 数量: 285.0
2025-10-15 00:19:29,907 - LMSClient - INFO - 盘点任务反馈成功: DT20230815003
2025-10-15 00:19:29,908 - LMSClient - INFO - 数据已保存到: data/tasks_updated.json
2025-10-15 00:19:30,909 - LMSClient - INFO - LMS接口交互流程完成
