INFO:     Will watch for changes in these directories: ['/home/ubuntu/Projects/LeafDepot/services/sim/lms']
INFO:     Uvicorn running on http://0.0.0.0:6000 (Press CTRL+C to quit)
INFO:     Started reloader process [16396] using StatReload
Process SpawnProcess-1:
Traceback (most recent call last):
  File "/home/ubuntu/anaconda3/envs/tobacco_env/lib/python3.10/multiprocessing/process.py", line 314, in _bootstrap
    self.run()
  File "/home/ubuntu/anaconda3/envs/tobacco_env/lib/python3.10/multiprocessing/process.py", line 108, in run
    self._target(*self._args, **self._kwargs)
  File "/home/ubuntu/anaconda3/envs/tobacco_env/lib/python3.10/site-packages/uvicorn/_subprocess.py", line 80, in subprocess_started
    target(sockets=sockets)
  File "/home/ubuntu/anaconda3/envs/tobacco_env/lib/python3.10/site-packages/uvicorn/server.py", line 67, in run
    return asyncio_run(self.serve(sockets=sockets), loop_factory=self.config.get_loop_factory())
  File "/home/ubuntu/anaconda3/envs/tobacco_env/lib/python3.10/site-packages/uvicorn/_compat.py", line 53, in asyncio_run
    return loop.run_until_complete(main)
  File "/home/ubuntu/anaconda3/envs/tobacco_env/lib/python3.10/asyncio/base_events.py", line 649, in run_until_complete
    return future.result()
  File "/home/ubuntu/anaconda3/envs/tobacco_env/lib/python3.10/site-packages/uvicorn/server.py", line 71, in serve
    await self._serve(sockets)
  File "/home/ubuntu/anaconda3/envs/tobacco_env/lib/python3.10/site-packages/uvicorn/server.py", line 78, in _serve
    config.load()
  File "/home/ubuntu/anaconda3/envs/tobacco_env/lib/python3.10/site-packages/uvicorn/config.py", line 438, in load
    self.loaded_app = import_from_string(self.app)
  File "/home/ubuntu/anaconda3/envs/tobacco_env/lib/python3.10/site-packages/uvicorn/importer.py", line 19, in import_from_string
    module = importlib.import_module(module_str)
  File "/home/ubuntu/anaconda3/envs/tobacco_env/lib/python3.10/importlib/__init__.py", line 126, in import_module
    return _bootstrap._gcd_import(name[level:], package, level)
  File "<frozen importlib._bootstrap>", line 1050, in _gcd_import
  File "<frozen importlib._bootstrap>", line 1027, in _find_and_load
  File "<frozen importlib._bootstrap>", line 1006, in _find_and_load_unlocked
  File "<frozen importlib._bootstrap>", line 688, in _load_unlocked
  File "<frozen importlib._bootstrap_external>", line 883, in exec_module
  File "<frozen importlib._bootstrap>", line 241, in _call_with_frames_removed
  File "/home/ubuntu/Projects/LeafDepot/services/sim/lms/sim_lms_server.py", line 554, in <module>
    async def register_user(request: Request, user_data: UserRegistration = Body(...)):
NameError: name 'Body' is not defined
成功从Excel加载 18 条储位信息
成功从Excel加载 2 条用户信息
INFO:     Stopping reloader process [16396]
